0x7000 0x03E8
0x7001 0x0130
0x7002 0x03E8
0x7003 0x0000
0x7004 0x03E7
0x7005 0x0130
0x7006 0x03E9
0x7007 0x0000
0x7008 0x03E7
0x7009 0x012F
0x700A 0x03EA
0x700B 0x0000
0x700C 0x03E6
0x700D 0x012E
0x700E 0x03EC
0x700F 0x0000
0x7010 0x03E6
0x7011 0x012C
0x7012 0x03EE
0x7013 0x0000
0x7014 0x03E6
0x7015 0x012B
0x7016 0x03F0
0x7017 0x03FF
0x7018 0x03E6
0x7019 0x0128
0x701A 0x03F2
0x701B 0x0000
0x701C 0x03E6
0x701D 0x0126
0x701E 0x03F5
0x701F 0x03FF
0x7020 0x03E6
0x7021 0x0122
0x7022 0x03F7
0x7023 0x0001
0x7024 0x03E7
0x7025 0x011F
0x7026 0x03FA
0x7027 0x0000
0x7028 0x03E7
0x7029 0x011B
0x702A 0x03FE
0x702B 0x0000
0x702C 0x03E8
0x702D 0x0117
0x702E 0x0001
0x702F 0x0000
0x7030 0x03E9
0x7031 0x0112
0x7032 0x0005
0x7033 0x0000
0x7034 0x03EA
0x7035 0x010D
0x7036 0x0009
0x7037 0x0000
0x7038 0x03EB
0x7039 0x0108
0x703A 0x000D
0x703B 0x0000
0x703C 0x03EC
0x703D 0x0102
0x703E 0x0012
0x703F 0x0000
0x7040 0x03ED
0x7041 0x00FC
0x7042 0x0017
0x7043 0x0000
0x7044 0x03EE
0x7045 0x00F6
0x7046 0x001C
0x7047 0x0000
0x7048 0x03EF
0x7049 0x00EF
0x704A 0x0022
0x704B 0x0000
0x704C 0x03F0
0x704D 0x00E8
0x704E 0x0028
0x704F 0x0000
0x7050 0x03F1
0x7051 0x00E1
0x7052 0x002E
0x7053 0x0000
0x7054 0x03F2
0x7055 0x00DA
0x7056 0x0034
0x7057 0x0000
0x7058 0x03F3
0x7059 0x00D3
0x705A 0x003A
0x705B 0x0000
0x705C 0x03F4
0x705D 0x00CB
0x705E 0x0041
0x705F 0x0000
0x7060 0x03F5
0x7061 0x00C3
0x7062 0x0048
0x7063 0x0000
0x7064 0x03F7
0x7065 0x00BB
0x7066 0x004E
0x7067 0x0000
0x7068 0x03F8
0x7069 0x00B3
0x706A 0x0056
0x706B 0x03FF
0x706C 0x03F8
0x706D 0x00AB
0x706E 0x005E
0x706F 0x03FF
0x7070 0x03F9
0x7071 0x00A3
0x7072 0x0065
0x7073 0x03FF
0x7074 0x03FA
0x7075 0x009B
0x7076 0x006D
0x7077 0x03FE
0x7078 0x03FB
0x7079 0x0093
0x707A 0x0074
0x707B 0x03FE
0x707C 0x03FC
0x707D 0x008B
0x707E 0x007C
0x707F 0x03FD
0x7080 0x03FD
0x7081 0x0083
0x7082 0x0083
0x7083 0x03FD
0x7084 0x03FD
0x7085 0x007C
0x7086 0x008B
0x7087 0x03FC
0x7088 0x03FE
0x7089 0x0074
0x708A 0x0093
0x708B 0x03FB
0x708C 0x03FE
0x708D 0x006D
0x708E 0x009B
0x708F 0x03FA
0x7090 0x03FF
0x7091 0x0065
0x7092 0x00A3
0x7093 0x03F9
0x7094 0x03FF
0x7095 0x005E
0x7096 0x00AB
0x7097 0x03F8
0x7098 0x03FF
0x7099 0x0056
0x709A 0x00B3
0x709B 0x03F8
0x709C 0x0000
0x709D 0x004E
0x709E 0x00BB
0x709F 0x03F7
0x70A0 0x0000
0x70A1 0x0048
0x70A2 0x00C3
0x70A3 0x03F5
0x70A4 0x0000
0x70A5 0x0041
0x70A6 0x00CB
0x70A7 0x03F4
0x70A8 0x0000
0x70A9 0x003A
0x70AA 0x00D3
0x70AB 0x03F3
0x70AC 0x0000
0x70AD 0x0034
0x70AE 0x00DA
0x70AF 0x03F2
0x70B0 0x0000
0x70B1 0x002E
0x70B2 0x00E1
0x70B3 0x03F1
0x70B4 0x0000
0x70B5 0x0028
0x70B6 0x00E8
0x70B7 0x03F0
0x70B8 0x0000
0x70B9 0x0022
0x70BA 0x00EF
0x70BB 0x03EF
0x70BC 0x0000
0x70BD 0x001C
0x70BE 0x00F6
0x70BF 0x03EE
0x70C0 0x0000
0x70C1 0x0017
0x70C2 0x00FC
0x70C3 0x03ED
0x70C4 0x0000
0x70C5 0x0012
0x70C6 0x0102
0x70C7 0x03EC
0x70C8 0x0000
0x70C9 0x000D
0x70CA 0x0108
0x70CB 0x03EB
0x70CC 0x0000
0x70CD 0x0009
0x70CE 0x010D
0x70CF 0x03EA
0x70D0 0x0000
0x70D1 0x0005
0x70D2 0x0112
0x70D3 0x03E9
0x70D4 0x0000
0x70D5 0x0001
0x70D6 0x0117
0x70D7 0x03E8
0x70D8 0x0000
0x70D9 0x03FE
0x70DA 0x011B
0x70DB 0x03E7
0x70DC 0x0000
0x70DD 0x03FA
0x70DE 0x011F
0x70DF 0x03E7
0x70E0 0x0001
0x70E1 0x03F7
0x70E2 0x0122
0x70E3 0x03E6
0x70E4 0x03FF
0x70E5 0x03F5
0x70E6 0x0126
0x70E7 0x03E6
0x70E8 0x0000
0x70E9 0x03F2
0x70EA 0x0128
0x70EB 0x03E6
0x70EC 0x03FF
0x70ED 0x03F0
0x70EE 0x012B
0x70EF 0x03E6
0x70F0 0x0000
0x70F1 0x03EE
0x70F2 0x012C
0x70F3 0x03E6
0x70F4 0x0000
0x70F5 0x03EC
0x70F6 0x012E
0x70F7 0x03E6
0x70F8 0x0000
0x70F9 0x03EA
0x70FA 0x012F
0x70FB 0x03E7
0x70FC 0x0000
0x70FD 0x03E9
0x70FE 0x0130
0x70FF 0x03E7
