0x7100 0x000C
0x7101 0x010E
0x7102 0x000C
0x7103 0x0000
0x7104 0x000A
0x7105 0x010E
0x7106 0x000E
0x7107 0x0000
0x7108 0x000A
0x7109 0x010E
0x710A 0x000E
0x710B 0x0000
0x710C 0x0008
0x710D 0x010C
0x710E 0x0010
0x710F 0x0000
0x7110 0x0008
0x7111 0x010A
0x7112 0x0012
0x7113 0x0000
0x7114 0x0008
0x7115 0x0108
0x7116 0x0012
0x7117 0x0000
0x7118 0x0006
0x7119 0x0106
0x711A 0x0014
0x711B 0x0000
0x711C 0x0006
0x711D 0x0104
0x711E 0x0016
0x711F 0x0000
0x7120 0x0006
0x7121 0x0100
0x7122 0x0018
0x7123 0x0000
0x7124 0x0004
0x7125 0x00FC
0x7126 0x001A
0x7127 0x0000
0x7128 0x0004
0x7129 0x00F8
0x712A 0x001C
0x712B 0x0000
0x712C 0x0004
0x712D 0x00F4
0x712E 0x0020
0x712F 0x0000
0x7130 0x0004
0x7131 0x00F0
0x7132 0x0022
0x7133 0x0000
0x7134 0x0002
0x7135 0x00EA
0x7136 0x0024
0x7137 0x0000
0x7138 0x0002
0x7139 0x00E4
0x713A 0x0028
0x713B 0x0000
0x713C 0x0002
0x713D 0x00E0
0x713E 0x002A
0x713F 0x0000
0x7140 0x0002
0x7141 0x00DA
0x7142 0x002E
0x7143 0x0000
0x7144 0x0002
0x7145 0x00D4
0x7146 0x0030
0x7147 0x0000
0x7148 0x0002
0x7149 0x00CE
0x714A 0x0034
0x714B 0x0000
0x714C 0x0002
0x714D 0x00C8
0x714E 0x0038
0x714F 0x0000
0x7150 0x0002
0x7151 0x00C0
0x7152 0x003C
0x7153 0x0000
0x7154 0x0002
0x7155 0x00BA
0x7156 0x0040
0x7157 0x0000
0x7158 0x0000
0x7159 0x00B4
0x715A 0x0044
0x715B 0x0000
0x715C 0x0000
0x715D 0x00AE
0x715E 0x0048
0x715F 0x0000
0x7160 0x0000
0x7161 0x00A6
0x7162 0x004C
0x7163 0x0000
0x7164 0x0000
0x7165 0x00A0
0x7166 0x0052
0x7167 0x0000
0x7168 0x0000
0x7169 0x009A
0x716A 0x0056
0x716B 0x0000
0x716C 0x0000
0x716D 0x0094
0x716E 0x005A
0x716F 0x0000
0x7170 0x0000
0x7171 0x008E
0x7172 0x0060
0x7173 0x0000
0x7174 0x0000
0x7175 0x0088
0x7176 0x0064
0x7177 0x0000
0x7178 0x0000
0x7179 0x0082
0x717A 0x006A
0x717B 0x0000
0x717C 0x0000
0x717D 0x007C
0x717E 0x0070
0x717F 0x0000
0x7180 0x0000
0x7181 0x0076
0x7182 0x0076
0x7183 0x0000
0x7184 0x0000
0x7185 0x0070
0x7186 0x007C
0x7187 0x0000
0x7188 0x0000
0x7189 0x006A
0x718A 0x0082
0x718B 0x0000
0x718C 0x0000
0x718D 0x0064
0x718E 0x0088
0x718F 0x0000
0x7190 0x0000
0x7191 0x0060
0x7192 0x008E
0x7193 0x0000
0x7194 0x0000
0x7195 0x005A
0x7196 0x0094
0x7197 0x0000
0x7198 0x0000
0x7199 0x0056
0x719A 0x009A
0x719B 0x0000
0x719C 0x0000
0x719D 0x0052
0x719E 0x00A0
0x719F 0x0000
0x71A0 0x0000
0x71A1 0x004C
0x71A2 0x00A6
0x71A3 0x0000
0x71A4 0x0000
0x71A5 0x0048
0x71A6 0x00AE
0x71A7 0x0000
0x71A8 0x0000
0x71A9 0x0044
0x71AA 0x00B4
0x71AB 0x0000
0x71AC 0x0000
0x71AD 0x0040
0x71AE 0x00BA
0x71AF 0x0002
0x71B0 0x0000
0x71B1 0x003C
0x71B2 0x00C0
0x71B3 0x0002
0x71B4 0x0000
0x71B5 0x0038
0x71B6 0x00C8
0x71B7 0x0002
0x71B8 0x0000
0x71B9 0x0034
0x71BA 0x00CE
0x71BB 0x0002
0x71BC 0x0000
0x71BD 0x0030
0x71BE 0x00D4
0x71BF 0x0002
0x71C0 0x0000
0x71C1 0x002E
0x71C2 0x00DA
0x71C3 0x0002
0x71C4 0x0000
0x71C5 0x002A
0x71C6 0x00E0
0x71C7 0x0002
0x71C8 0x0000
0x71C9 0x0028
0x71CA 0x00E4
0x71CB 0x0002
0x71CC 0x0000
0x71CD 0x0024
0x71CE 0x00EA
0x71CF 0x0002
0x71D0 0x0000
0x71D1 0x0022
0x71D2 0x00F0
0x71D3 0x0004
0x71D4 0x0000
0x71D5 0x0020
0x71D6 0x00F4
0x71D7 0x0004
0x71D8 0x0000
0x71D9 0x001C
0x71DA 0x00F8
0x71DB 0x0004
0x71DC 0x0000
0x71DD 0x001A
0x71DE 0x00FC
0x71DF 0x0004
0x71E0 0x0000
0x71E1 0x0018
0x71E2 0x0100
0x71E3 0x0006
0x71E4 0x0000
0x71E5 0x0016
0x71E6 0x0104
0x71E7 0x0006
0x71E8 0x0000
0x71E9 0x0014
0x71EA 0x0106
0x71EB 0x0006
0x71EC 0x0000
0x71ED 0x0012
0x71EE 0x0108
0x71EF 0x0008
0x71F0 0x0000
0x71F1 0x0012
0x71F2 0x010A
0x71F3 0x0008
0x71F4 0x0000
0x71F5 0x0010
0x71F6 0x010C
0x71F7 0x0008
0x71F8 0x0000
0x71F9 0x000E
0x71FA 0x010E
0x71FB 0x000A
0x71FC 0x0000
0x71FD 0x000E
0x71FE 0x010E
0x71FF 0x000A
